0 info it worked if it ends with ok
1 verbose cli [ '/opt/boxen/nodenv/versions/v0.12.4/bin/node',
1 verbose cli   '/opt/boxen/nodenv/versions/v0.12.4/bin/npm',
1 verbose cli   'start' ]
2 info using npm@2.10.1
3 info using node@v0.12.4
4 verbose run-script [ 'prestart', 'start', 'poststart' ]
5 info prestart site-inspector-demo@1.0.0
6 info start site-inspector-demo@1.0.0
7 verbose unsafe-perm in lifecycle true
8 info site-inspector-demo@1.0.0 Failed to exec start script
9 verbose stack Error: site-inspector-demo@1.0.0 start: `bundle exec rackup -p $PORT`
9 verbose stack Exit status 1
9 verbose stack     at EventEmitter.<anonymous> (/opt/boxen/nodenv/versions/v0.12.4/lib/node_modules/npm/lib/utils/lifecycle.js:213:16)
9 verbose stack     at EventEmitter.emit (events.js:110:17)
9 verbose stack     at ChildProcess.<anonymous> (/opt/boxen/nodenv/versions/v0.12.4/lib/node_modules/npm/lib/utils/spawn.js:24:14)
9 verbose stack     at ChildProcess.emit (events.js:110:17)
9 verbose stack     at maybeClose (child_process.js:1015:16)
9 verbose stack     at Process.ChildProcess._handle.onexit (child_process.js:1087:5)
10 verbose pkgid site-inspector-demo@1.0.0
11 verbose cwd /Users/benbalter/projects/site-inspector-demo
12 error Darwin 14.3.0
13 error argv "/opt/boxen/nodenv/versions/v0.12.4/bin/node" "/opt/boxen/nodenv/versions/v0.12.4/bin/npm" "start"
14 error node v0.12.4
15 error npm  v2.10.1
16 error code ELIFECYCLE
17 error site-inspector-demo@1.0.0 start: `bundle exec rackup -p $PORT`
17 error Exit status 1
18 error Failed at the site-inspector-demo@1.0.0 start script 'bundle exec rackup -p $PORT'.
18 error This is most likely a problem with the site-inspector-demo package,
18 error not with npm itself.
18 error Tell the author that this fails on your system:
18 error     bundle exec rackup -p $PORT
18 error You can get their info via:
18 error     npm owner ls site-inspector-demo
18 error There is likely additional logging output above.
19 verbose exit [ 1, true ]
